#
# A fatal error has been detected by the Java Runtime Environment:
#
#  EXCEPTION_ACCESS_VIOLATION (0xc0000005) at pc=0x00007ffab883dd58, pid=19700, tid=9516
#
# JRE version: Java(TM) SE Runtime Environment (12.0.1+12) (build 12.0.1+12)
# Java VM: Java HotSpot(TM) 64-Bit Server VM (12.0.1+12, mixed mode, sharing, tiered, compressed oops, g1 gc, windows-amd64)
# Problematic frame:
# C  [ig9icd64.dll+0x12dd58]
#
# No core dump will be written. Minidumps are not enabled by default on client versions of Windows
#
# If you would like to submit a bug report, please visit:
#   http://bugreport.java.com/bugreport/crash.jsp
# The crash happened outside the Java Virtual Machine in native code.
# See problematic frame for where to report the bug.
#

---------------  S U M M A R Y ------------

Command Line: -javaagent:C:\Program Files\JetBrains\IntelliJ IDEA Community Edition 2019.1.2\lib\idea_rt.jar=59556:C:\Program Files\JetBrains\IntelliJ IDEA Community Edition 2019.1.2\bin -Dfile.encoding=UTF-8 CGA.User.main

Host: Intel(R) Core(TM) i7-7500U CPU @ 2.70GHz, 4 cores, 15G,  Windows 10 , 64 bit Build 17134 (10.0.17134.753)
Time: Wed Jun 19 13:16:51 2019 Mitteleuropäische Sommerzeit elapsed time: 1 seconds (0d 0h 0m 1s)

---------------  T H R E A D  ---------------

Current thread (0x000001a752338000):  JavaThread "main" [_thread_in_native, id=9516, stack(0x0000007f52e00000,0x0000007f52f00000)]

Stack: [0x0000007f52e00000,0x0000007f52f00000],  sp=0x0000007f52efe110,  free space=1016k
Native frames: (J=compiled Java code, j=interpreted, Vv=VM code, C=native code)
C  [ig9icd64.dll+0x12dd58]

Java frames: (J=compiled Java code, j=interpreted, Vv=VM code)
j  org.lwjgl.opengl.GL11.nglTexImage2D(IIIIIIIIJ)V+0
j  org.lwjgl.opengl.GL11.glTexImage2D(IIIIIIIILjava/nio/ByteBuffer;)V+17
j  CGA.User.DataStructures.Texture2D.processTexture(Ljava/nio/ByteBuffer;IIZ)V+28
j  CGA.User.DataStructures.Texture2D.<init>(Ljava/lang/String;Z)V+72
j  CGA.User.Game.Scene.init(LCGA/Framework/GameWindow;)Z+38
j  CGA.User.Game.Game.init()V+10
j  CGA.Framework.GameWindow.run()V+21
j  CGA.User.main.main([Ljava/lang/String;)V+21
v  ~StubRoutines::call_stub

siginfo: EXCEPTION_ACCESS_VIOLATION (0xc0000005), reading address 0x000001a70aad2000


Register to memory mapping:

RIP=0x00007ffab883dd58 ig9icd64.dll
RAX=0x0000000000000020 is an unknown value
RBX=0x0000007f52efe200 is pointing into the stack for thread: 0x000001a752338000
RCX=0x0 is NULL
RDX=0x000001a70aad1f88 points into unknown readable memory: 00 00 00 00 00 00 00 00
RSP=0x0000007f52efe110 is pointing into the stack for thread: 0x000001a752338000
RBP=0x0000007f52efe270 is pointing into the stack for thread: 0x000001a752338000
RSI=0x000001a700c20000 points into unknown readable memory: 7f 7f 7f ff 00 00 00 00
RDI=0x000001a700c20f80 points into unknown readable memory: 00 00 00 00 00 00 00 00
R8 =0x0000000000100000 is an unknown value
R9 =0x0000000000002000 is an unknown value
R10=0x0000000000000020 is an unknown value
R11=0x000001a778765be4 points into unknown readable memory: 00 00 00 00
R12=0x0 is NULL
R13=0x0000007f52efe390 is pointing into the stack for thread: 0x000001a752338000
R14=0x0000000000000200 is an unknown value
R15=0x00000000000001c1 is an unknown value


Registers:
RAX=0x0000000000000020, RBX=0x0000007f52efe200, RCX=0x0000000000000000, RDX=0x000001a70aad1f88
RSP=0x0000007f52efe110, RBP=0x0000007f52efe270, RSI=0x000001a700c20000, RDI=0x000001a700c20f80
R8 =0x0000000000100000, R9 =0x0000000000002000, R10=0x0000000000000020, R11=0x000001a778765be4
R12=0x0000000000000000, R13=0x0000007f52efe390, R14=0x0000000000000200, R15=0x00000000000001c1
RIP=0x00007ffab883dd58, EFLAGS=0x0000000000010213

Top of Stack: (sp=0x0000007f52efe110)
0x0000007f52efe110:   0000000000000000 0000000000000000
0x0000007f52efe120:   0000000000000000 0000000000000000
0x0000007f52efe130:   000001a70aad1008 00007ffab8ba9d2c
0x0000007f52efe140:   0000020000000200 000001a70aad1008
0x0000007f52efe150:   00007ffab8ba99d0 0000007f52efe390
0x0000007f52efe160:   0000000000000000 00007ffab8bac5dd
0x0000007f52efe170:   0000007f52efe270 0000007f52efe350
0x0000007f52efe180:   000001a700c20000 00007ffab8baacd0
0x0000007f52efe190:   4000288040000049 0000000000000001
0x0000007f52efe1a0:   000001a70aad1008 0000000100000200
0x0000007f52efe1b0:   0000000000000000 00007ffab873060b
0x0000007f52efe1c0:   000001a70207fa00 0000000000000001
0x0000007f52efe1d0:   000001a7782ae090 0000000000000001
0x0000007f52efe1e0:   0000000000000000 0000000000000000
0x0000007f52efe1f0:   0000000052efe200 000001a7022fc390
0x0000007f52efe200:   00007ffab9131ae0 000001a77874cf00 

Instructions: (pc=0x00007ffab883dd58)
0x00007ffab883dd38:   0f 6f 72 10 41 8b c2 f3 0f 6f 6a 20 f3 0f 6f 62
0x00007ffab883dd48:   30 f3 0f 6f 5a 40 f3 0f 6f 52 50 f3 0f 6f 4a 60
0x00007ffab883dd58:   f3 0f 6f 42 70 66 0f e7 3f 66 0f e7 77 10 66 0f
0x00007ffab883dd68:   e7 6f 20 66 0f e7 67 30 66 0f e7 5f 40 66 0f e7 


Stack slot to memory mapping:
stack at sp + 0 slots: 0x0 is NULL
stack at sp + 1 slots: 0x0 is NULL
stack at sp + 2 slots: 0x0 is NULL
stack at sp + 3 slots: 0x0 is NULL
stack at sp + 4 slots: 0x000001a70aad1008 points into unknown readable memory: 7f 7f 7f ff 00 00 00 00
stack at sp + 5 slots: 0x00007ffab8ba9d2c ig9icd64.dll
stack at sp + 6 slots: 0x0000020000000200 is an unknown value
stack at sp + 7 slots: 0x000001a70aad1008 points into unknown readable memory: 7f 7f 7f ff 00 00 00 00


---------------  P R O C E S S  ---------------

Threads class SMR info:
_java_thread_list=0x000001a7021a3fe0, length=12, elements={
0x000001a752338000, 0x000001a77730f800, 0x000001a777310800, 0x000001a77731d800,
0x000001a77731e800, 0x000001a777323000, 0x000001a777c1d000, 0x000001a77732d800,
0x000001a777e41800, 0x000001a7781ca000, 0x000001a7781cb000, 0x000001a7021d8000
}

Java Threads: ( => current thread )
=>0x000001a752338000 JavaThread "main" [_thread_in_native, id=9516, stack(0x0000007f52e00000,0x0000007f52f00000)]
  0x000001a77730f800 JavaThread "Reference Handler" daemon [_thread_blocked, id=9204, stack(0x0000007f53500000,0x0000007f53600000)]
  0x000001a777310800 JavaThread "Finalizer" daemon [_thread_blocked, id=13120, stack(0x0000007f53600000,0x0000007f53700000)]
  0x000001a77731d800 JavaThread "Signal Dispatcher" daemon [_thread_blocked, id=4156, stack(0x0000007f53700000,0x0000007f53800000)]
  0x000001a77731e800 JavaThread "Attach Listener" daemon [_thread_blocked, id=17184, stack(0x0000007f53800000,0x0000007f53900000)]
  0x000001a777323000 JavaThread "C2 CompilerThread0" daemon [_thread_blocked, id=5740, stack(0x0000007f53900000,0x0000007f53a00000)]
  0x000001a777c1d000 JavaThread "C1 CompilerThread0" daemon [_thread_blocked, id=17080, stack(0x0000007f53a00000,0x0000007f53b00000)]
  0x000001a77732d800 JavaThread "Sweeper thread" daemon [_thread_blocked, id=19188, stack(0x0000007f53b00000,0x0000007f53c00000)]
  0x000001a777e41800 JavaThread "Common-Cleaner" daemon [_thread_blocked, id=18864, stack(0x0000007f53c00000,0x0000007f53d00000)]
  0x000001a7781ca000 JavaThread "Monitor Ctrl-Break" daemon [_thread_in_native, id=11280, stack(0x0000007f53d00000,0x0000007f53e00000)]
  0x000001a7781cb000 JavaThread "Service Thread" daemon [_thread_blocked, id=16328, stack(0x0000007f53e00000,0x0000007f53f00000)]
  0x000001a7021d8000 JavaThread "C2 CompilerThread1" daemon [_thread_blocked, id=13428, stack(0x0000007f54600000,0x0000007f54700000)]

Other Threads:
  0x000001a777309000 VMThread "VM Thread" [stack: 0x0000007f53400000,0x0000007f53500000] [id=16912]
  0x000001a7781d2000 WatcherThread [stack: 0x0000007f53f00000,0x0000007f54000000] [id=14188]
  0x000001a75239c800 GCTaskThread "GC Thread#0" [stack: 0x0000007f52f00000,0x0000007f53000000] [id=9952]
  0x000001a7021d6000 GCTaskThread "GC Thread#1" [stack: 0x0000007f54700000,0x0000007f54800000] [id=12172]
  0x000001a7022c4800 GCTaskThread "GC Thread#2" [stack: 0x0000007f54800000,0x0000007f54900000] [id=13556]
  0x000001a702258800 GCTaskThread "GC Thread#3" [stack: 0x0000007f54900000,0x0000007f54a00000] [id=15648]
  0x000001a7523b6000 ConcurrentGCThread "G1 Main Marker" [stack: 0x0000007f53000000,0x0000007f53100000] [id=11904]
  0x000001a7523b8800 ConcurrentGCThread "G1 Conc#0" [stack: 0x0000007f53100000,0x0000007f53200000] [id=15140]
  0x000001a777207800 ConcurrentGCThread "G1 Refine#0" [stack: 0x0000007f53200000,0x0000007f53300000] [id=6596]
  0x000001a777208800 ConcurrentGCThread "G1 Young RemSet Sampling" [stack: 0x0000007f53300000,0x0000007f53400000] [id=10000]

Threads with active compile tasks:

VM state:not at safepoint (normal execution)

VM Mutex/Monitor currently owned by a thread: None

Heap address: 0x0000000701800000, size: 4072 MB, Compressed Oops mode: Zero based, Oop shift amount: 3
Narrow klass base: 0x0000000800000000, Narrow klass shift: 3
Compressed class space size: 1073741824 Address: 0x00000008011a0000

Heap:
 garbage-first heap   total 262144K, used 5080K [0x0000000701800000, 0x0000000800000000)
  region size 1024K, 5 young (5120K), 2 survivors (2048K)
 Metaspace       used 4838K, capacity 7621K, committed 7808K, reserved 1056768K
  class space    used 308K, capacity 613K, committed 640K, reserved 1048576K
Heap Regions: E=young(eden), S=young(survivor), O=old, HS=humongous(starts), HC=humongous(continues), CS=collection set, F=free, A=archive, TAMS=top-at-mark-start (previous, next)
|   0|0x0000000701800000, 0x00000007018f6000, 0x0000000701900000| 96%| O|  |TAMS 0x0000000701800000, 0x0000000701800000| Untracked 
|   1|0x0000000701900000, 0x0000000701900000, 0x0000000701a00000|  0%| F|  |TAMS 0x0000000701900000, 0x0000000701900000| Untracked 
|   2|0x0000000701a00000, 0x0000000701a00000, 0x0000000701b00000|  0%| F|  |TAMS 0x0000000701a00000, 0x0000000701a00000| Untracked 
|   3|0x0000000701b00000, 0x0000000701b00000, 0x0000000701c00000|  0%| F|  |TAMS 0x0000000701b00000, 0x0000000701b00000| Untracked 
|   4|0x0000000701c00000, 0x0000000701c00000, 0x0000000701d00000|  0%| F|  |TAMS 0x0000000701c00000, 0x0000000701c00000| Untracked 
|   5|0x0000000701d00000, 0x0000000701d00000, 0x0000000701e00000|  0%| F|  |TAMS 0x0000000701d00000, 0x0000000701d00000| Untracked 
|   6|0x0000000701e00000, 0x0000000701e00000, 0x0000000701f00000|  0%| F|  |TAMS 0x0000000701e00000, 0x0000000701e00000| Untracked 
|   7|0x0000000701f00000, 0x0000000701f00000, 0x0000000702000000|  0%| F|  |TAMS 0x0000000701f00000, 0x0000000701f00000| Untracked 
|   8|0x0000000702000000, 0x0000000702000000, 0x0000000702100000|  0%| F|  |TAMS 0x0000000702000000, 0x0000000702000000| Untracked 
|   9|0x0000000702100000, 0x0000000702100000, 0x0000000702200000|  0%| F|  |TAMS 0x0000000702100000, 0x0000000702100000| Untracked 
|  10|0x0000000702200000, 0x0000000702200000, 0x0000000702300000|  0%| F|  |TAMS 0x0000000702200000, 0x0000000702200000| Untracked 
|  11|0x0000000702300000, 0x0000000702300000, 0x0000000702400000|  0%| F|  |TAMS 0x0000000702300000, 0x0000000702300000| Untracked 
|  12|0x0000000702400000, 0x0000000702400000, 0x0000000702500000|  0%| F|  |TAMS 0x0000000702400000, 0x0000000702400000| Untracked 
|  13|0x0000000702500000, 0x0000000702500000, 0x0000000702600000|  0%| F|  |TAMS 0x0000000702500000, 0x0000000702500000| Untracked 
|  14|0x0000000702600000, 0x0000000702600000, 0x0000000702700000|  0%| F|  |TAMS 0x0000000702600000, 0x0000000702600000| Untracked 
|  15|0x0000000702700000, 0x0000000702700000, 0x0000000702800000|  0%| F|  |TAMS 0x0000000702700000, 0x0000000702700000| Untracked 
|  16|0x0000000702800000, 0x0000000702800000, 0x0000000702900000|  0%| F|  |TAMS 0x0000000702800000, 0x0000000702800000| Untracked 
|  17|0x0000000702900000, 0x0000000702900000, 0x0000000702a00000|  0%| F|  |TAMS 0x0000000702900000, 0x0000000702900000| Untracked 
|  18|0x0000000702a00000, 0x0000000702a00000, 0x0000000702b00000|  0%| F|  |TAMS 0x0000000702a00000, 0x0000000702a00000| Untracked 
|  19|0x0000000702b00000, 0x0000000702b00000, 0x0000000702c00000|  0%| F|  |TAMS 0x0000000702b00000, 0x0000000702b00000| Untracked 
|  20|0x0000000702c00000, 0x0000000702c00000, 0x0000000702d00000|  0%| F|  |TAMS 0x0000000702c00000, 0x0000000702c00000| Untracked 
|  21|0x0000000702d00000, 0x0000000702d00000, 0x0000000702e00000|  0%| F|  |TAMS 0x0000000702d00000, 0x0000000702d00000| Untracked 
|  22|0x0000000702e00000, 0x0000000702e00000, 0x0000000702f00000|  0%| F|  |TAMS 0x0000000702e00000, 0x0000000702e00000| Untracked 
|  23|0x0000000702f00000, 0x0000000702f00000, 0x0000000703000000|  0%| F|  |TAMS 0x0000000702f00000, 0x0000000702f00000| Untracked 
|  24|0x0000000703000000, 0x0000000703000000, 0x0000000703100000|  0%| F|  |TAMS 0x0000000703000000, 0x0000000703000000| Untracked 
|  25|0x0000000703100000, 0x0000000703100000, 0x0000000703200000|  0%| F|  |TAMS 0x0000000703100000, 0x0000000703100000| Untracked 
|  26|0x0000000703200000, 0x0000000703200000, 0x0000000703300000|  0%| F|  |TAMS 0x0000000703200000, 0x0000000703200000| Untracked 
|  27|0x0000000703300000, 0x0000000703300000, 0x0000000703400000|  0%| F|  |TAMS 0x0000000703300000, 0x0000000703300000| Untracked 
|  28|0x0000000703400000, 0x0000000703400000, 0x0000000703500000|  0%| F|  |TAMS 0x0000000703400000, 0x0000000703400000| Untracked 
|  29|0x0000000703500000, 0x0000000703500000, 0x0000000703600000|  0%| F|  |TAMS 0x0000000703500000, 0x0000000703500000| Untracked 
|  30|0x0000000703600000, 0x0000000703600000, 0x0000000703700000|  0%| F|  |TAMS 0x0000000703600000, 0x0000000703600000| Untracked 
|  31|0x0000000703700000, 0x0000000703700000, 0x0000000703800000|  0%| F|  |TAMS 0x0000000703700000, 0x0000000703700000| Untracked 
|  32|0x0000000703800000, 0x0000000703800000, 0x0000000703900000|  0%| F|  |TAMS 0x0000000703800000, 0x0000000703800000| Untracked 
|  33|0x0000000703900000, 0x0000000703900000, 0x0000000703a00000|  0%| F|  |TAMS 0x0000000703900000, 0x0000000703900000| Untracked 
|  34|0x0000000703a00000, 0x0000000703a00000, 0x0000000703b00000|  0%| F|  |TAMS 0x0000000703a00000, 0x0000000703a00000| Untracked 
|  35|0x0000000703b00000, 0x0000000703b00000, 0x0000000703c00000|  0%| F|  |TAMS 0x0000000703b00000, 0x0000000703b00000| Untracked 
|  36|0x0000000703c00000, 0x0000000703c00000, 0x0000000703d00000|  0%| F|  |TAMS 0x0000000703c00000, 0x0000000703c00000| Untracked 
|  37|0x0000000703d00000, 0x0000000703d00000, 0x0000000703e00000|  0%| F|  |TAMS 0x0000000703d00000, 0x0000000703d00000| Untracked 
|  38|0x0000000703e00000, 0x0000000703e00000, 0x0000000703f00000|  0%| F|  |TAMS 0x0000000703e00000, 0x0000000703e00000| Untracked 
|  39|0x0000000703f00000, 0x0000000703f00000, 0x0000000704000000|  0%| F|  |TAMS 0x0000000703f00000, 0x0000000703f00000| Untracked 
|  40|0x0000000704000000, 0x0000000704000000, 0x0000000704100000|  0%| F|  |TAMS 0x0000000704000000, 0x0000000704000000| Untracked 
|  41|0x0000000704100000, 0x0000000704100000, 0x0000000704200000|  0%| F|  |TAMS 0x0000000704100000, 0x0000000704100000| Untracked 
|  42|0x0000000704200000, 0x0000000704200000, 0x0000000704300000|  0%| F|  |TAMS 0x0000000704200000, 0x0000000704200000| Untracked 
|  43|0x0000000704300000, 0x0000000704300000, 0x0000000704400000|  0%| F|  |TAMS 0x0000000704300000, 0x0000000704300000| Untracked 
|  44|0x0000000704400000, 0x0000000704400000, 0x0000000704500000|  0%| F|  |TAMS 0x0000000704400000, 0x0000000704400000| Untracked 
|  45|0x0000000704500000, 0x0000000704500000, 0x0000000704600000|  0%| F|  |TAMS 0x0000000704500000, 0x0000000704500000| Untracked 
|  46|0x0000000704600000, 0x0000000704600000, 0x0000000704700000|  0%| F|  |TAMS 0x0000000704600000, 0x0000000704600000| Untracked 
|  47|0x0000000704700000, 0x0000000704700000, 0x0000000704800000|  0%| F|  |TAMS 0x0000000704700000, 0x0000000704700000| Untracked 
|  48|0x0000000704800000, 0x0000000704800000, 0x0000000704900000|  0%| F|  |TAMS 0x0000000704800000, 0x0000000704800000| Untracked 
|  49|0x0000000704900000, 0x0000000704900000, 0x0000000704a00000|  0%| F|  |TAMS 0x0000000704900000, 0x0000000704900000| Untracked 
|  50|0x0000000704a00000, 0x0000000704a00000, 0x0000000704b00000|  0%| F|  |TAMS 0x0000000704a00000, 0x0000000704a00000| Untracked 
|  51|0x0000000704b00000, 0x0000000704b00000, 0x0000000704c00000|  0%| F|  |TAMS 0x0000000704b00000, 0x0000000704b00000| Untracked 
|  52|0x0000000704c00000, 0x0000000704c00000, 0x0000000704d00000|  0%| F|  |TAMS 0x0000000704c00000, 0x0000000704c00000| Untracked 
|  53|0x0000000704d00000, 0x0000000704d00000, 0x0000000704e00000|  0%| F|  |TAMS 0x0000000704d00000, 0x0000000704d00000| Untracked 
|  54|0x0000000704e00000, 0x0000000704e00000, 0x0000000704f00000|  0%| F|  |TAMS 0x0000000704e00000, 0x0000000704e00000| Untracked 
|  55|0x0000000704f00000, 0x0000000704f00000, 0x0000000705000000|  0%| F|  |TAMS 0x0000000704f00000, 0x0000000704f00000| Untracked 
|  56|0x0000000705000000, 0x0000000705000000, 0x0000000705100000|  0%| F|  |TAMS 0x0000000705000000, 0x0000000705000000| Untracked 
|  57|0x0000000705100000, 0x0000000705100000, 0x0000000705200000|  0%| F|  |TAMS 0x0000000705100000, 0x0000000705100000| Untracked 
|  58|0x0000000705200000, 0x0000000705200000, 0x0000000705300000|  0%| F|  |TAMS 0x0000000705200000, 0x0000000705200000| Untracked 
|  59|0x0000000705300000, 0x0000000705300000, 0x0000000705400000|  0%| F|  |TAMS 0x0000000705300000, 0x0000000705300000| Untracked 
|  60|0x0000000705400000, 0x0000000705400000, 0x0000000705500000|  0%| F|  |TAMS 0x0000000705400000, 0x0000000705400000| Untracked 
|  61|0x0000000705500000, 0x0000000705500000, 0x0000000705600000|  0%| F|  |TAMS 0x0000000705500000, 0x0000000705500000| Untracked 
|  62|0x0000000705600000, 0x0000000705600000, 0x0000000705700000|  0%| F|  |TAMS 0x0000000705600000, 0x0000000705600000| Untracked 
|  63|0x0000000705700000, 0x0000000705700000, 0x0000000705800000|  0%| F|  |TAMS 0x0000000705700000, 0x0000000705700000| Untracked 
|  64|0x0000000705800000, 0x0000000705800000, 0x0000000705900000|  0%| F|  |TAMS 0x0000000705800000, 0x0000000705800000| Untracked 
|  65|0x0000000705900000, 0x0000000705900000, 0x0000000705a00000|  0%| F|  |TAMS 0x0000000705900000, 0x0000000705900000| Untracked 
|  66|0x0000000705a00000, 0x0000000705a00000, 0x0000000705b00000|  0%| F|  |TAMS 0x0000000705a00000, 0x0000000705a00000| Untracked 
|  67|0x0000000705b00000, 0x0000000705b00000, 0x0000000705c00000|  0%| F|  |TAMS 0x0000000705b00000, 0x0000000705b00000| Untracked 
|  68|0x0000000705c00000, 0x0000000705c00000, 0x0000000705d00000|  0%| F|  |TAMS 0x0000000705c00000, 0x0000000705c00000| Untracked 
|  69|0x0000000705d00000, 0x0000000705d00000, 0x0000000705e00000|  0%| F|  |TAMS 0x0000000705d00000, 0x0000000705d00000| Untracked 
|  70|0x0000000705e00000, 0x0000000705e00000, 0x0000000705f00000|  0%| F|  |TAMS 0x0000000705e00000, 0x0000000705e00000| Untracked 
|  71|0x0000000705f00000, 0x0000000705f00000, 0x0000000706000000|  0%| F|  |TAMS 0x0000000705f00000, 0x0000000705f00000| Untracked 
|  72|0x0000000706000000, 0x0000000706000000, 0x0000000706100000|  0%| F|  |TAMS 0x0000000706000000, 0x0000000706000000| Untracked 
|  73|0x0000000706100000, 0x0000000706100000, 0x0000000706200000|  0%| F|  |TAMS 0x0000000706100000, 0x0000000706100000| Untracked 
|  74|0x0000000706200000, 0x0000000706200000, 0x0000000706300000|  0%| F|  |TAMS 0x0000000706200000, 0x0000000706200000| Untracked 
|  75|0x0000000706300000, 0x0000000706300000, 0x0000000706400000|  0%| F|  |TAMS 0x0000000706300000, 0x0000000706300000| Untracked 
|  76|0x0000000706400000, 0x0000000706400000, 0x0000000706500000|  0%| F|  |TAMS 0x0000000706400000, 0x0000000706400000| Untracked 
|  77|0x0000000706500000, 0x0000000706500000, 0x0000000706600000|  0%| F|  |TAMS 0x0000000706500000, 0x0000000706500000| Untracked 
|  78|0x0000000706600000, 0x0000000706600000, 0x0000000706700000|  0%| F|  |TAMS 0x0000000706600000, 0x0000000706600000| Untracked 
|  79|0x0000000706700000, 0x0000000706700000, 0x0000000706800000|  0%| F|  |TAMS 0x0000000706700000, 0x0000000706700000| Untracked 
|  80|0x0000000706800000, 0x0000000706800000, 0x0000000706900000|  0%| F|  |TAMS 0x0000000706800000, 0x0000000706800000| Untracked 
|  81|0x0000000706900000, 0x0000000706900000, 0x0000000706a00000|  0%| F|  |TAMS 0x0000000706900000, 0x0000000706900000| Untracked 
|  82|0x0000000706a00000, 0x0000000706a00000, 0x0000000706b00000|  0%| F|  |TAMS 0x0000000706a00000, 0x0000000706a00000| Untracked 
|  83|0x0000000706b00000, 0x0000000706b00000, 0x0000000706c00000|  0%| F|  |TAMS 0x0000000706b00000, 0x0000000706b00000| Untracked 
|  84|0x0000000706c00000, 0x0000000706c00000, 0x0000000706d00000|  0%| F|  |TAMS 0x0000000706c00000, 0x0000000706c00000| Untracked 
|  85|0x0000000706d00000, 0x0000000706d00000, 0x0000000706e00000|  0%| F|  |TAMS 0x0000000706d00000, 0x0000000706d00000| Untracked 
|  86|0x0000000706e00000, 0x0000000706e00000, 0x0000000706f00000|  0%| F|  |TAMS 0x0000000706e00000, 0x0000000706e00000| Untracked 
|  87|0x0000000706f00000, 0x0000000706f00000, 0x0000000707000000|  0%| F|  |TAMS 0x0000000706f00000, 0x0000000706f00000| Untracked 
|  88|0x0000000707000000, 0x0000000707000000, 0x0000000707100000|  0%| F|  |TAMS 0x0000000707000000, 0x0000000707000000| Untracked 
|  89|0x0000000707100000, 0x0000000707100000, 0x0000000707200000|  0%| F|  |TAMS 0x0000000707100000, 0x0000000707100000| Untracked 
|  90|0x0000000707200000, 0x0000000707200000, 0x0000000707300000|  0%| F|  |TAMS 0x0000000707200000, 0x0000000707200000| Untracked 
|  91|0x0000000707300000, 0x0000000707300000, 0x0000000707400000|  0%| F|  |TAMS 0x0000000707300000, 0x0000000707300000| Untracked 
|  92|0x0000000707400000, 0x0000000707400000, 0x0000000707500000|  0%| F|  |TAMS 0x0000000707400000, 0x0000000707400000| Untracked 
|  93|0x0000000707500000, 0x0000000707500000, 0x0000000707600000|  0%| F|  |TAMS 0x0000000707500000, 0x0000000707500000| Untracked 
|  94|0x0000000707600000, 0x0000000707600000, 0x0000000707700000|  0%| F|  |TAMS 0x0000000707600000, 0x0000000707600000| Untracked 
|  95|0x0000000707700000, 0x0000000707700000, 0x0000000707800000|  0%| F|  |TAMS 0x0000000707700000, 0x0000000707700000| Untracked 
|  96|0x0000000707800000, 0x0000000707800000, 0x0000000707900000|  0%| F|  |TAMS 0x0000000707800000, 0x0000000707800000| Untracked 
|  97|0x0000000707900000, 0x0000000707900000, 0x0000000707a00000|  0%| F|  |TAMS 0x0000000707900000, 0x0000000707900000| Untracked 
|  98|0x0000000707a00000, 0x0000000707a00000, 0x0000000707b00000|  0%| F|  |TAMS 0x0000000707a00000, 0x0000000707a00000| Untracked 
|  99|0x0000000707b00000, 0x0000000707b00000, 0x0000000707c00000|  0%| F|  |TAMS 0x0000000707b00000, 0x0000000707b00000| Untracked 
| 100|0x0000000707c00000, 0x0000000707c00000, 0x0000000707d00000|  0%| F|  |TAMS 0x0000000707c00000, 0x0000000707c00000| Untracked 
| 101|0x0000000707d00000, 0x0000000707d00000, 0x0000000707e00000|  0%| F|  |TAMS 0x0000000707d00000, 0x0000000707d00000| Untracked 
| 102|0x0000000707e00000, 0x0000000707e00000, 0x0000000707f00000|  0%| F|  |TAMS 0x0000000707e00000, 0x0000000707e00000| Untracked 
| 103|0x0000000707f00000, 0x0000000707f00000, 0x0000000708000000|  0%| F|  |TAMS 0x0000000707f00000, 0x0000000707f00000| Untracked 
| 104|0x0000000708000000, 0x0000000708000000, 0x0000000708100000|  0%| F|  |TAMS 0x0000000708000000, 0x0000000708000000| Untracked 
| 105|0x0000000708100000, 0x0000000708100000, 0x0000000708200000|  0%| F|  |TAMS 0x0000000708100000, 0x0000000708100000| Untracked 
| 106|0x0000000708200000, 0x0000000708200000, 0x0000000708300000|  0%| F|  |TAMS 0x0000000708200000, 0x0000000708200000| Untracked 
| 107|0x0000000708300000, 0x0000000708300000, 0x0000000708400000|  0%| F|  |TAMS 0x0000000708300000, 0x0000000708300000| Untracked 
| 108|0x0000000708400000, 0x0000000708400000, 0x0000000708500000|  0%| F|  |TAMS 0x0000000708400000, 0x0000000708400000| Untracked 
| 109|0x0000000708500000, 0x0000000708500000, 0x0000000708600000|  0%| F|  |TAMS 0x0000000708500000, 0x0000000708500000| Untracked 
| 110|0x0000000708600000, 0x0000000708600000, 0x0000000708700000|  0%| F|  |TAMS 0x0000000708600000, 0x0000000708600000| Untracked 
| 111|0x0000000708700000, 0x0000000708700000, 0x0000000708800000|  0%| F|  |TAMS 0x0000000708700000, 0x0000000708700000| Untracked 
| 112|0x0000000708800000, 0x0000000708800000, 0x0000000708900000|  0%| F|  |TAMS 0x0000000708800000, 0x0000000708800000| Untracked 
| 113|0x0000000708900000, 0x0000000708900000, 0x0000000708a00000|  0%| F|  |TAMS 0x0000000708900000, 0x0000000708900000| Untracked 
| 114|0x0000000708a00000, 0x0000000708a00000, 0x0000000708b00000|  0%| F|  |TAMS 0x0000000708a00000, 0x0000000708a00000| Untracked 
| 115|0x0000000708b00000, 0x0000000708b00000, 0x0000000708c00000|  0%| F|  |TAMS 0x0000000708b00000, 0x0000000708b00000| Untracked 
| 116|0x0000000708c00000, 0x0000000708c00000, 0x0000000708d00000|  0%| F|  |TAMS 0x0000000708c00000, 0x0000000708c00000| Untracked 
| 117|0x0000000708d00000, 0x0000000708d00000, 0x0000000708e00000|  0%| F|  |TAMS 0x0000000708d00000, 0x0000000708d00000| Untracked 
| 118|0x0000000708e00000, 0x0000000708e00000, 0x0000000708f00000|  0%| F|  |TAMS 0x0000000708e00000, 0x0000000708e00000| Untracked 
| 119|0x0000000708f00000, 0x0000000708f00000, 0x0000000709000000|  0%| F|  |TAMS 0x0000000708f00000, 0x0000000708f00000| Untracked 
| 120|0x0000000709000000, 0x0000000709000000, 0x0000000709100000|  0%| F|  |TAMS 0x0000000709000000, 0x0000000709000000| Untracked 
| 121|0x0000000709100000, 0x0000000709100000, 0x0000000709200000|  0%| F|  |TAMS 0x0000000709100000, 0x0000000709100000| Untracked 
| 122|0x0000000709200000, 0x0000000709200000, 0x0000000709300000|  0%| F|  |TAMS 0x0000000709200000, 0x0000000709200000| Untracked 
| 123|0x0000000709300000, 0x0000000709300000, 0x0000000709400000|  0%| F|  |TAMS 0x0000000709300000, 0x0000000709300000| Untracked 
| 124|0x0000000709400000, 0x0000000709400000, 0x0000000709500000|  0%| F|  |TAMS 0x0000000709400000, 0x0000000709400000| Untracked 
| 125|0x0000000709500000, 0x0000000709500000, 0x0000000709600000|  0%| F|  |TAMS 0x0000000709500000, 0x0000000709500000| Untracked 
| 126|0x0000000709600000, 0x0000000709600000, 0x0000000709700000|  0%| F|  |TAMS 0x0000000709600000, 0x0000000709600000| Untracked 
| 127|0x0000000709700000, 0x0000000709700000, 0x0000000709800000|  0%| F|  |TAMS 0x0000000709700000, 0x0000000709700000| Untracked 
| 128|0x0000000709800000, 0x0000000709800000, 0x0000000709900000|  0%| F|  |TAMS 0x0000000709800000, 0x0000000709800000| Untracked 
| 129|0x0000000709900000, 0x0000000709900000, 0x0000000709a00000|  0%| F|  |TAMS 0x0000000709900000, 0x0000000709900000| Untracked 
| 130|0x0000000709a00000, 0x0000000709a00000, 0x0000000709b00000|  0%| F|  |TAMS 0x0000000709a00000, 0x0000000709a00000| Untracked 
| 131|0x0000000709b00000, 0x0000000709b00000, 0x0000000709c00000|  0%| F|  |TAMS 0x0000000709b00000, 0x0000000709b00000| Untracked 
| 132|0x0000000709c00000, 0x0000000709c00000, 0x0000000709d00000|  0%| F|  |TAMS 0x0000000709c00000, 0x0000000709c00000| Untracked 
| 133|0x0000000709d00000, 0x0000000709d00000, 0x0000000709e00000|  0%| F|  |TAMS 0x0000000709d00000, 0x0000000709d00000| Untracked 
| 134|0x0000000709e00000, 0x0000000709e00000, 0x0000000709f00000|  0%| F|  |TAMS 0x0000000709e00000, 0x0000000709e00000| Untracked 
| 135|0x0000000709f00000, 0x0000000709f00000, 0x000000070a000000|  0%| F|  |TAMS 0x0000000709f00000, 0x0000000709f00000| Untracked 
| 136|0x000000070a000000, 0x000000070a000000, 0x000000070a100000|  0%| F|  |TAMS 0x000000070a000000, 0x000000070a000000| Untracked 
| 137|0x000000070a100000, 0x000000070a100000, 0x000000070a200000|  0%| F|  |TAMS 0x000000070a100000, 0x000000070a100000| Untracked 
| 138|0x000000070a200000, 0x000000070a200000, 0x000000070a300000|  0%| F|  |TAMS 0x000000070a200000, 0x000000070a200000| Untracked 
| 139|0x000000070a300000, 0x000000070a300000, 0x000000070a400000|  0%| F|  |TAMS 0x000000070a300000, 0x000000070a300000| Untracked 
| 140|0x000000070a400000, 0x000000070a400000, 0x000000070a500000|  0%| F|  |TAMS 0x000000070a400000, 0x000000070a400000| Untracked 
| 141|0x000000070a500000, 0x000000070a500000, 0x000000070a600000|  0%| F|  |TAMS 0x000000070a500000, 0x000000070a500000| Untracked 
| 142|0x000000070a600000, 0x000000070a600000, 0x000000070a700000|  0%| F|  |TAMS 0x000000070a600000, 0x000000070a600000| Untracked 
| 143|0x000000070a700000, 0x000000070a700000, 0x000000070a800000|  0%| F|  |TAMS 0x000000070a700000, 0x000000070a700000| Untracked 
| 144|0x000000070a800000, 0x000000070a800000, 0x000000070a900000|  0%| F|  |TAMS 0x000000070a800000, 0x000000070a800000| Untracked 
| 145|0x000000070a900000, 0x000000070a900000, 0x000000070aa00000|  0%| F|  |TAMS 0x000000070a900000, 0x000000070a900000| Untracked 
| 146|0x000000070aa00000, 0x000000070aa00000, 0x000000070ab00000|  0%| F|  |TAMS 0x000000070aa00000, 0x000000070aa00000| Untracked 
| 147|0x000000070ab00000, 0x000000070ab00000, 0x000000070ac00000|  0%| F|  |TAMS 0x000000070ab00000, 0x000000070ab00000| Untracked 
| 148|0x000000070ac00000, 0x000000070ac00000, 0x000000070ad00000|  0%| F|  |TAMS 0x000000070ac00000, 0x000000070ac00000| Untracked 
| 149|0x000000070ad00000, 0x000000070ad00000, 0x000000070ae00000|  0%| F|  |TAMS 0x000000070ad00000, 0x000000070ad00000| Untracked 
| 150|0x000000070ae00000, 0x000000070ae00000, 0x000000070af00000|  0%| F|  |TAMS 0x000000070ae00000, 0x000000070ae00000| Untracked 
| 151|0x000000070af00000, 0x000000070af00000, 0x000000070b000000|  0%| F|  |TAMS 0x000000070af00000, 0x000000070af00000| Untracked 
| 152|0x000000070b000000, 0x000000070b000000, 0x000000070b100000|  0%| F|  |TAMS 0x000000070b000000, 0x000000070b000000| Untracked 
| 153|0x000000070b100000, 0x000000070b100000, 0x000000070b200000|  0%| F|  |TAMS 0x000000070b100000, 0x000000070b100000| Untracked 
| 154|0x000000070b200000, 0x000000070b200000, 0x000000070b300000|  0%| F|  |TAMS 0x000000070b200000, 0x000000070b200000| Untracked 
| 155|0x000000070b300000, 0x000000070b300000, 0x000000070b400000|  0%| F|  |TAMS 0x000000070b300000, 0x000000070b300000| Untracked 
| 156|0x000000070b400000, 0x000000070b400000, 0x000000070b500000|  0%| F|  |TAMS 0x000000070b400000, 0x000000070b400000| Untracked 
| 157|0x000000070b500000, 0x000000070b500000, 0x000000070b600000|  0%| F|  |TAMS 0x000000070b500000, 0x000000070b500000| Untracked 
| 158|0x000000070b600000, 0x000000070b600000, 0x000000070b700000|  0%| F|  |TAMS 0x000000070b600000, 0x000000070b600000| Untracked 
| 159|0x000000070b700000, 0x000000070b700000, 0x000000070b800000|  0%| F|  |TAMS 0x000000070b700000, 0x000000070b700000| Untracked 
| 160|0x000000070b800000, 0x000000070b800000, 0x000000070b900000|  0%| F|  |TAMS 0x000000070b800000, 0x000000070b800000| Untracked 
| 161|0x000000070b900000, 0x000000070b900000, 0x000000070ba00000|  0%| F|  |TAMS 0x000000070b900000, 0x000000070b900000| Untracked 
| 162|0x000000070ba00000, 0x000000070ba00000, 0x000000070bb00000|  0%| F|  |TAMS 0x000000070ba00000, 0x000000070ba00000| Untracked 
| 163|0x000000070bb00000, 0x000000070bb00000, 0x000000070bc00000|  0%| F|  |TAMS 0x000000070bb00000, 0x000000070bb00000| Untracked 
| 164|0x000000070bc00000, 0x000000070bc00000, 0x000000070bd00000|  0%| F|  |TAMS 0x000000070bc00000, 0x000000070bc00000| Untracked 
| 165|0x000000070bd00000, 0x000000070bd00000, 0x000000070be00000|  0%| F|  |TAMS 0x000000070bd00000, 0x000000070bd00000| Untracked 
| 166|0x000000070be00000, 0x000000070be00000, 0x000000070bf00000|  0%| F|  |TAMS 0x000000070be00000, 0x000000070be00000| Untracked 
| 167|0x000000070bf00000, 0x000000070bf00000, 0x000000070c000000|  0%| F|  |TAMS 0x000000070bf00000, 0x000000070bf00000| Untracked 
| 168|0x000000070c000000, 0x000000070c000000, 0x000000070c100000|  0%| F|  |TAMS 0x000000070c000000, 0x000000070c000000| Untracked 
| 169|0x000000070c100000, 0x000000070c100000, 0x000000070c200000|  0%| F|  |TAMS 0x000000070c100000, 0x000000070c100000| Untracked 
| 170|0x000000070c200000, 0x000000070c200000, 0x000000070c300000|  0%| F|  |TAMS 0x000000070c200000, 0x000000070c200000| Untracked 
| 171|0x000000070c300000, 0x000000070c300000, 0x000000070c400000|  0%| F|  |TAMS 0x000000070c300000, 0x000000070c300000| Untracked 
| 172|0x000000070c400000, 0x000000070c400000, 0x000000070c500000|  0%| F|  |TAMS 0x000000070c400000, 0x000000070c400000| Untracked 
| 173|0x000000070c500000, 0x000000070c500000, 0x000000070c600000|  0%| F|  |TAMS 0x000000070c500000, 0x000000070c500000| Untracked 
| 174|0x000000070c600000, 0x000000070c600000, 0x000000070c700000|  0%| F|  |TAMS 0x000000070c600000, 0x000000070c600000| Untracked 
| 175|0x000000070c700000, 0x000000070c700000, 0x000000070c800000|  0%| F|  |TAMS 0x000000070c700000, 0x000000070c700000| Untracked 
| 176|0x000000070c800000, 0x000000070c800000, 0x000000070c900000|  0%| F|  |TAMS 0x000000070c800000, 0x000000070c800000| Untracked 
| 177|0x000000070c900000, 0x000000070c900000, 0x000000070ca00000|  0%| F|  |TAMS 0x000000070c900000, 0x000000070c900000| Untracked 
| 178|0x000000070ca00000, 0x000000070ca00000, 0x000000070cb00000|  0%| F|  |TAMS 0x000000070ca00000, 0x000000070ca00000| Untracked 
| 179|0x000000070cb00000, 0x000000070cb00000, 0x000000070cc00000|  0%| F|  |TAMS 0x000000070cb00000, 0x000000070cb00000| Untracked 
| 180|0x000000070cc00000, 0x000000070cc00000, 0x000000070cd00000|  0%| F|  |TAMS 0x000000070cc00000, 0x000000070cc00000| Untracked 
| 181|0x000000070cd00000, 0x000000070cd00000, 0x000000070ce00000|  0%| F|  |TAMS 0x000000070cd00000, 0x000000070cd00000| Untracked 
| 182|0x000000070ce00000, 0x000000070ce00000, 0x000000070cf00000|  0%| F|  |TAMS 0x000000070ce00000, 0x000000070ce00000| Untracked 
| 183|0x000000070cf00000, 0x000000070cf00000, 0x000000070d000000|  0%| F|  |TAMS 0x000000070cf00000, 0x000000070cf00000| Untracked 
| 184|0x000000070d000000, 0x000000070d000000, 0x000000070d100000|  0%| F|  |TAMS 0x000000070d000000, 0x000000070d000000| Untracked 
| 185|0x000000070d100000, 0x000000070d100000, 0x000000070d200000|  0%| F|  |TAMS 0x000000070d100000, 0x000000070d100000| Untracked 
| 186|0x000000070d200000, 0x000000070d200000, 0x000000070d300000|  0%| F|  |TAMS 0x000000070d200000, 0x000000070d200000| Untracked 
| 187|0x000000070d300000, 0x000000070d300000, 0x000000070d400000|  0%| F|  |TAMS 0x000000070d300000, 0x000000070d300000| Untracked 
| 188|0x000000070d400000, 0x000000070d400000, 0x000000070d500000|  0%| F|  |TAMS 0x000000070d400000, 0x000000070d400000| Untracked 
| 189|0x000000070d500000, 0x000000070d500000, 0x000000070d600000|  0%| F|  |TAMS 0x000000070d500000, 0x000000070d500000| Untracked 
| 190|0x000000070d600000, 0x000000070d600000, 0x000000070d700000|  0%| F|  |TAMS 0x000000070d600000, 0x000000070d600000| Untracked 
| 191|0x000000070d700000, 0x000000070d700000, 0x000000070d800000|  0%| F|  |TAMS 0x000000070d700000, 0x000000070d700000| Untracked 
| 192|0x000000070d800000, 0x000000070d800000, 0x000000070d900000|  0%| F|  |TAMS 0x000000070d800000, 0x000000070d800000| Untracked 
| 193|0x000000070d900000, 0x000000070d900000, 0x000000070da00000|  0%| F|  |TAMS 0x000000070d900000, 0x000000070d900000| Untracked 
| 194|0x000000070da00000, 0x000000070da00000, 0x000000070db00000|  0%| F|  |TAMS 0x000000070da00000, 0x000000070da00000| Untracked 
| 195|0x000000070db00000, 0x000000070db00000, 0x000000070dc00000|  0%| F|  |TAMS 0x000000070db00000, 0x000000070db00000| Untracked 
| 196|0x000000070dc00000, 0x000000070dc00000, 0x000000070dd00000|  0%| F|  |TAMS 0x000000070dc00000, 0x000000070dc00000| Untracked 
| 197|0x000000070dd00000, 0x000000070dd00000, 0x000000070de00000|  0%| F|  |TAMS 0x000000070dd00000, 0x000000070dd00000| Untracked 
| 198|0x000000070de00000, 0x000000070de00000, 0x000000070df00000|  0%| F|  |TAMS 0x000000070de00000, 0x000000070de00000| Untracked 
| 199|0x000000070df00000, 0x000000070df00000, 0x000000070e000000|  0%| F|  |TAMS 0x000000070df00000, 0x000000070df00000| Untracked 
| 200|0x000000070e000000, 0x000000070e000000, 0x000000070e100000|  0%| F|  |TAMS 0x000000070e000000, 0x000000070e000000| Untracked 
| 201|0x000000070e100000, 0x000000070e100000, 0x000000070e200000|  0%| F|  |TAMS 0x000000070e100000, 0x000000070e100000| Untracked 
| 202|0x000000070e200000, 0x000000070e200000, 0x000000070e300000|  0%| F|  |TAMS 0x000000070e200000, 0x000000070e200000| Untracked 
| 203|0x000000070e300000, 0x000000070e300000, 0x000000070e400000|  0%| F|  |TAMS 0x000000070e300000, 0x000000070e300000| Untracked 
| 204|0x000000070e400000, 0x000000070e400000, 0x000000070e500000|  0%| F|  |TAMS 0x000000070e400000, 0x000000070e400000| Untracked 
| 205|0x000000070e500000, 0x000000070e500000, 0x000000070e600000|  0%| F|  |TAMS 0x000000070e500000, 0x000000070e500000| Untracked 
| 206|0x000000070e600000, 0x000000070e600000, 0x000000070e700000|  0%| F|  |TAMS 0x000000070e600000, 0x000000070e600000| Untracked 
| 207|0x000000070e700000, 0x000000070e700000, 0x000000070e800000|  0%| F|  |TAMS 0x000000070e700000, 0x000000070e700000| Untracked 
| 208|0x000000070e800000, 0x000000070e800000, 0x000000070e900000|  0%| F|  |TAMS 0x000000070e800000, 0x000000070e800000| Untracked 
| 209|0x000000070e900000, 0x000000070e900000, 0x000000070ea00000|  0%| F|  |TAMS 0x000000070e900000, 0x000000070e900000| Untracked 
| 210|0x000000070ea00000, 0x000000070ea00000, 0x000000070eb00000|  0%| F|  |TAMS 0x000000070ea00000, 0x000000070ea00000| Untracked 
| 211|0x000000070eb00000, 0x000000070eb00000, 0x000000070ec00000|  0%| F|  |TAMS 0x000000070eb00000, 0x000000070eb00000| Untracked 
| 212|0x000000070ec00000, 0x000000070ec00000, 0x000000070ed00000|  0%| F|  |TAMS 0x000000070ec00000, 0x000000070ec00000| Untracked 
| 213|0x000000070ed00000, 0x000000070ed00000, 0x000000070ee00000|  0%| F|  |TAMS 0x000000070ed00000, 0x000000070ed00000| Untracked 
| 214|0x000000070ee00000, 0x000000070ee00000, 0x000000070ef00000|  0%| F|  |TAMS 0x000000070ee00000, 0x000000070ee00000| Untracked 
| 215|0x000000070ef00000, 0x000000070ef00000, 0x000000070f000000|  0%| F|  |TAMS 0x000000070ef00000, 0x000000070ef00000| Untracked 
| 216|0x000000070f000000, 0x000000070f000000, 0x000000070f100000|  0%| F|  |TAMS 0x000000070f000000, 0x000000070f000000| Untracked 
| 217|0x000000070f100000, 0x000000070f100000, 0x000000070f200000|  0%| F|  |TAMS 0x000000070f100000, 0x000000070f100000| Untracked 
| 218|0x000000070f200000, 0x000000070f200000, 0x000000070f300000|  0%| F|  |TAMS 0x000000070f200000, 0x000000070f200000| Untracked 
| 219|0x000000070f300000, 0x000000070f300000, 0x000000070f400000|  0%| F|  |TAMS 0x000000070f300000, 0x000000070f300000| Untracked 
| 220|0x000000070f400000, 0x000000070f400000, 0x000000070f500000|  0%| F|  |TAMS 0x000000070f400000, 0x000000070f400000| Untracked 
| 221|0x000000070f500000, 0x000000070f500000, 0x000000070f600000|  0%| F|  |TAMS 0x000000070f500000, 0x000000070f500000| Untracked 
| 222|0x000000070f600000, 0x000000070f600000, 0x000000070f700000|  0%| F|  |TAMS 0x000000070f600000, 0x000000070f600000| Untracked 
| 223|0x000000070f700000, 0x000000070f700000, 0x000000070f800000|  0%| F|  |TAMS 0x000000070f700000, 0x000000070f700000| Untracked 
| 224|0x000000070f800000, 0x000000070f800000, 0x000000070f900000|  0%| F|  |TAMS 0x000000070f800000, 0x000000070f800000| Untracked 
| 225|0x000000070f900000, 0x000000070f900000, 0x000000070fa00000|  0%| F|  |TAMS 0x000000070f900000, 0x000000070f900000| Untracked 
| 226|0x000000070fa00000, 0x000000070fa00000, 0x000000070fb00000|  0%| F|  |TAMS 0x000000070fa00000, 0x000000070fa00000| Untracked 
| 227|0x000000070fb00000, 0x000000070fb00000, 0x000000070fc00000|  0%| F|  |TAMS 0x000000070fb00000, 0x000000070fb00000| Untracked 
| 228|0x000000070fc00000, 0x000000070fc00000, 0x000000070fd00000|  0%| F|  |TAMS 0x000000070fc00000, 0x000000070fc00000| Untracked 
| 229|0x000000070fd00000, 0x000000070fd00000, 0x000000070fe00000|  0%| F|  |TAMS 0x000000070fd00000, 0x000000070fd00000| Untracked 
| 230|0x000000070fe00000, 0x000000070fe00000, 0x000000070ff00000|  0%| F|  |TAMS 0x000000070fe00000, 0x000000070fe00000| Untracked 
| 231|0x000000070ff00000, 0x000000070ff00000, 0x0000000710000000|  0%| F|  |TAMS 0x000000070ff00000, 0x000000070ff00000| Untracked 
| 232|0x0000000710000000, 0x0000000710000000, 0x0000000710100000|  0%| F|  |TAMS 0x0000000710000000, 0x0000000710000000| Untracked 
| 233|0x0000000710100000, 0x0000000710100000, 0x0000000710200000|  0%| F|  |TAMS 0x0000000710100000, 0x0000000710100000| Untracked 
| 234|0x0000000710200000, 0x0000000710200000, 0x0000000710300000|  0%| F|  |TAMS 0x0000000710200000, 0x0000000710200000| Untracked 
| 235|0x0000000710300000, 0x0000000710300000, 0x0000000710400000|  0%| F|  |TAMS 0x0000000710300000, 0x0000000710300000| Untracked 
| 236|0x0000000710400000, 0x0000000710400000, 0x0000000710500000|  0%| F|  |TAMS 0x0000000710400000, 0x0000000710400000| Untracked 
| 237|0x0000000710500000, 0x0000000710500000, 0x0000000710600000|  0%| F|  |TAMS 0x0000000710500000, 0x0000000710500000| Untracked 
| 238|0x0000000710600000, 0x0000000710600000, 0x0000000710700000|  0%| F|  |TAMS 0x0000000710600000, 0x0000000710600000| Untracked 
| 239|0x0000000710700000, 0x0000000710700000, 0x0000000710800000|  0%| F|  |TAMS 0x0000000710700000, 0x0000000710700000| Untracked 
| 240|0x0000000710800000, 0x0000000710900000, 0x0000000710900000|100%| S|CS|TAMS 0x0000000710800000, 0x0000000710800000| Complete 
| 241|0x0000000710900000, 0x0000000710a00000, 0x0000000710a00000|100%| S|CS|TAMS 0x0000000710900000, 0x0000000710900000| Complete 
| 242|0x0000000710a00000, 0x0000000710a00000, 0x0000000710b00000|  0%| F|  |TAMS 0x0000000710a00000, 0x0000000710a00000| Untracked 
| 243|0x0000000710b00000, 0x0000000710b00000, 0x0000000710c00000|  0%| F|  |TAMS 0x0000000710b00000, 0x0000000710b00000| Untracked 
| 244|0x0000000710c00000, 0x0000000710c00000, 0x0000000710d00000|  0%| F|  |TAMS 0x0000000710c00000, 0x0000000710c00000| Untracked 
| 245|0x0000000710d00000, 0x0000000710d00000, 0x0000000710e00000|  0%| F|  |TAMS 0x0000000710d00000, 0x0000000710d00000| Untracked 
| 246|0x0000000710e00000, 0x0000000710e00000, 0x0000000710f00000|  0%| F|  |TAMS 0x0000000710e00000, 0x0000000710e00000| Untracked 
| 247|0x0000000710f00000, 0x0000000710f00000, 0x0000000711000000|  0%| F|  |TAMS 0x0000000710f00000, 0x0000000710f00000| Untracked 
| 248|0x0000000711000000, 0x0000000711000000, 0x0000000711100000|  0%| F|  |TAMS 0x0000000711000000, 0x0000000711000000| Untracked 
| 249|0x0000000711100000, 0x0000000711100000, 0x0000000711200000|  0%| F|  |TAMS 0x0000000711100000, 0x0000000711100000| Untracked 
| 250|0x0000000711200000, 0x0000000711200000, 0x0000000711300000|  0%| F|  |TAMS 0x0000000711200000, 0x0000000711200000| Untracked 
| 251|0x0000000711300000, 0x0000000711300000, 0x0000000711400000|  0%| F|  |TAMS 0x0000000711300000, 0x0000000711300000| Untracked 
| 252|0x0000000711400000, 0x0000000711400000, 0x0000000711500000|  0%| F|  |TAMS 0x0000000711400000, 0x0000000711400000| Untracked 
| 253|0x0000000711500000, 0x0000000711580800, 0x0000000711600000| 50%| E|  |TAMS 0x0000000711500000, 0x0000000711500000| Complete 
| 254|0x0000000711600000, 0x0000000711700000, 0x0000000711700000|100%| E|CS|TAMS 0x0000000711600000, 0x0000000711600000| Complete 
| 255|0x0000000711700000, 0x0000000711800000, 0x0000000711800000|100%| E|CS|TAMS 0x0000000711700000, 0x0000000711700000| Complete 

Card table byte_map: [0x000001a76bd20000,0x000001a76c520000] _byte_map_base: 0x000001a768514000

Marking Bits (Prev, Next): (CMBitMap*) 0x000001a75239d868, (CMBitMap*) 0x000001a75239d8a8
 Prev Bits: [0x000001a76cd20000, 0x000001a770cc0000)
 Next Bits: [0x000001a770cc0000, 0x000001a774c60000)

Polling page: 0x000001a752180000

Metaspace:

Usage:
  Non-class:      6.84 MB capacity,     4.42 MB ( 65%) used,     2.41 MB ( 35%) free+waste,     9.06 KB ( <1%) overhead. 
      Class:    613.00 KB capacity,   308.09 KB ( 50%) used,   300.59 KB ( 49%) free+waste,     4.31 KB ( <1%) overhead. 
       Both:      7.44 MB capacity,     4.73 MB ( 63%) used,     2.70 MB ( 36%) free+waste,    13.38 KB ( <1%) overhead. 

Virtual space:
  Non-class space:        8.00 MB reserved,       7.00 MB ( 88%) committed 
      Class space:        1.00 GB reserved,     640.00 KB ( <1%) committed 
             Both:        1.01 GB reserved,       7.63 MB ( <1%) committed 

Chunk freelists:
   Non-Class:  12.00 KB
       Class:  128 bytes
        Both:  12.13 KB

CodeHeap 'non-profiled nmethods': size=120064Kb used=321Kb max_used=321Kb free=119742Kb
 bounds [0x000001a7639c0000, 0x000001a763c30000, 0x000001a76af00000]
CodeHeap 'profiled nmethods': size=120000Kb used=1595Kb max_used=1595Kb free=118405Kb
 bounds [0x000001a75c490000, 0x000001a75c700000, 0x000001a7639c0000]
CodeHeap 'non-nmethods': size=5696Kb used=1409Kb max_used=1426Kb free=4286Kb
 bounds [0x000001a75bf00000, 0x000001a75c170000, 0x000001a75c490000]
 total_blobs=1950 nmethods=844 adapters=791
 compilation: enabled
              stopped_count=0, restarted_count=0
 full_count=0

Compilation events (10 events):
Event: 1.155 Thread 0x000001a777c1d000  822       3       java.util.regex.Matcher::groupCount (10 bytes)
Event: 1.155 Thread 0x000001a777c1d000 nmethod 822 0x000001a75c60c510 code [0x000001a75c60c6c0, 0x000001a75c60c858]
Event: 1.155 Thread 0x000001a777c1d000  823       3       java.io.WinNTFileSystem::resolve (275 bytes)
Event: 1.159 Thread 0x000001a777c1d000 nmethod 823 0x000001a75c60c910 code [0x000001a75c60ce60, 0x000001a75c60fc00]
Event: 1.159 Thread 0x000001a777c1d000  824       3       java.io.FilterInputStream::read (8 bytes)
Event: 1.159 Thread 0x000001a777c1d000 nmethod 824 0x000001a75c610e10 code [0x000001a75c610fe0, 0x000001a75c611230]
Event: 1.159 Thread 0x000001a777c1d000  825       3       java.util.zip.InflaterInputStream::read (32 bytes)
Event: 1.159 Thread 0x000001a777c1d000 nmethod 825 0x000001a75c611310 code [0x000001a75c611500, 0x000001a75c6119e0]
Event: 1.159 Thread 0x000001a777c1d000  826       3       java.lang.Byte::toUnsignedInt (6 bytes)
Event: 1.159 Thread 0x000001a777c1d000 nmethod 826 0x000001a75c611b90 code [0x000001a75c611d40, 0x000001a75c611e78]

GC Heap History (2 events):
Event: 1.076 GC heap before
{Heap before GC invocations=0 (full 0):
 garbage-first heap   total 262144K, used 14336K [0x0000000701800000, 0x0000000800000000)
  region size 1024K, 14 young (14336K), 0 survivors (0K)
 Metaspace       used 4510K, capacity 7492K, committed 7808K, reserved 1056768K
  class space    used 285K, capacity 568K, committed 640K, reserved 1048576K
}
Event: 1.092 GC heap after
{Heap after GC invocations=1 (full 0):
 garbage-first heap   total 262144K, used 3032K [0x0000000701800000, 0x0000000800000000)
  region size 1024K, 2 young (2048K), 2 survivors (2048K)
 Metaspace       used 4510K, capacity 7492K, committed 7808K, reserved 1056768K
  class space    used 285K, capacity 568K, committed 640K, reserved 1048576K
}

Deoptimization events (7 events):
Event: 0.291 Thread 0x000001a752338000 Uncommon trap: reason=unstable_if action=reinterpret pc=0x000001a7639c2a38 method=java.lang.StringLatin1.indexOf([BII)I @ 47 c2
Event: 0.343 Thread 0x000001a752338000 Uncommon trap: reason=unstable_if action=reinterpret pc=0x000001a7639c1488 method=java.lang.String.isLatin1()Z @ 10 c2
Event: 0.376 Thread 0x000001a752338000 Uncommon trap: reason=unstable_if action=reinterpret pc=0x000001a7639cf978 method=java.util.HashMap.putVal(ILjava/lang/Object;Ljava/lang/Object;ZZ)Ljava/lang/Object; @ 181 c2
Event: 0.533 Thread 0x000001a752338000 Uncommon trap: reason=unstable_if action=reinterpret pc=0x000001a7639c1124 method=java.lang.String.isLatin1()Z @ 10 c2
Event: 0.564 Thread 0x000001a752338000 Uncommon trap: reason=bimorphic_or_optimized_type_check action=maybe_recompile pc=0x000001a7639cc1c4 method=java.util.AbstractCollection.isEmpty()Z @ 1 c2
Event: 0.564 Thread 0x000001a752338000 Uncommon trap: reason=bimorphic_or_optimized_type_check action=maybe_recompile pc=0x000001a7639cc1c4 method=java.util.AbstractCollection.isEmpty()Z @ 1 c2
Event: 0.565 Thread 0x000001a752338000 Uncommon trap: reason=bimorphic_or_optimized_type_check action=maybe_recompile pc=0x000001a7639cc1c4 method=java.util.AbstractCollection.isEmpty()Z @ 1 c2

Classes redefined (0 events):
No events

Internal exceptions (4 events):
Event: 0.569 Thread 0x000001a752338000 Exception <a 'java/lang/NoSuchMethodError'{0x000000071125a670}: java.lang.invoke.DelegatingMethodHandle$Holder.delegate(Ljava/lang/Object;Ljava/lang/Object;ILjava/lang/Object;)V> (0x000000071125a670) thrown at [t:/workspace/open/src/hotspot/share/interpre
Event: 0.570 Thread 0x000001a752338000 Exception <a 'java/lang/NoSuchMethodError'{0x00000007112611b8}: java.lang.invoke.DirectMethodHandle$Holder.invokeStaticInit(Ljava/lang/Object;Ljava/lang/Object;Ljava/lang/Object;)Ljava/lang/Object;> (0x00000007112611b8) thrown at [t:/workspace/open/src/ho
Event: 0.828 Thread 0x000001a752338000 Exception <a 'sun/nio/fs/WindowsException'{0x00000007110ce088}> (0x00000007110ce088) thrown at [t:/workspace/open/src/hotspot/share/prims/jni.cpp, line 615]
Event: 0.829 Thread 0x000001a752338000 Exception <a 'sun/nio/fs/WindowsException'{0x00000007110ce568}> (0x00000007110ce568) thrown at [t:/workspace/open/src/hotspot/share/prims/jni.cpp, line 615]

Events (10 events):
Event: 1.112 loading class org/lwjgl/system/jemalloc/JEmalloc$Functions
Event: 1.112 loading class org/lwjgl/system/jemalloc/JEmalloc$Functions done
Event: 1.137 loading class CGA/User/DataStructures/Texture2D
Event: 1.137 loading class CGA/User/DataStructures/Texture2D done
Event: 1.139 loading class CGA/User/DataStructures/ITexture
Event: 1.139 loading class CGA/User/DataStructures/ITexture done
Event: 1.140 loading class org/lwjgl/stb/STBImage
Event: 1.140 loading class org/lwjgl/stb/STBImage done
Event: 1.142 loading class org/lwjgl/stb/LibSTB
Event: 1.142 loading class org/lwjgl/stb/LibSTB done


Dynamic libraries:
0x00007ff7d3a00000 - 0x00007ff7d3a0f000 	C:\Program Files\Java\jdk-12.0.1\bin\java.exe
0x00007ffb158e0000 - 0x00007ffb15ac1000 	C:\WINDOWS\SYSTEM32\ntdll.dll
0x00007ffb0d080000 - 0x00007ffb0d092000 	C:\Program Files\AVAST Software\Avast\aswhook.dll
0x00007ffb12f70000 - 0x00007ffb13021000 	C:\WINDOWS\System32\KERNEL32.DLL
0x00007ffb11d80000 - 0x00007ffb11ff3000 	C:\WINDOWS\System32\KERNELBASE.dll
0x00007ffb12270000 - 0x00007ffb12368000 	C:\WINDOWS\System32\ucrtbase.dll
0x00007ffb0d180000 - 0x00007ffb0d198000 	C:\Program Files\Java\jdk-12.0.1\bin\jli.dll
0x00007ffb15300000 - 0x00007ffb153a1000 	C:\WINDOWS\System32\ADVAPI32.dll
0x00007ffb151b0000 - 0x00007ffb1524e000 	C:\WINDOWS\System32\msvcrt.dll
0x00007ffb13790000 - 0x00007ffb137eb000 	C:\WINDOWS\System32\sechost.dll
0x00007ffb13030000 - 0x00007ffb13154000 	C:\WINDOWS\System32\RPCRT4.dll
0x00007ffb132d0000 - 0x00007ffb13460000 	C:\WINDOWS\System32\USER32.dll
0x00007ffb11d00000 - 0x00007ffb11d20000 	C:\WINDOWS\System32\win32u.dll
0x00007ffb132a0000 - 0x00007ffb132c8000 	C:\WINDOWS\System32\GDI32.dll
0x00007ffb12370000 - 0x00007ffb12501000 	C:\WINDOWS\System32\gdi32full.dll
0x00007ffb12cd0000 - 0x00007ffb12d6f000 	C:\WINDOWS\System32\msvcp_win.dll
0x00007ffb0bff0000 - 0x00007ffb0c006000 	C:\Program Files\Java\jdk-12.0.1\bin\VCRUNTIME140.dll
0x00007ffaf7610000 - 0x00007ffaf7879000 	C:\WINDOWS\WinSxS\amd64_microsoft.windows.common-controls_6595b64144ccf1df_6.0.17134.829_none_fb46a5473061b9d5\COMCTL32.dll
0x00007ffb13460000 - 0x00007ffb13782000 	C:\WINDOWS\System32\combase.dll
0x00007ffb121f0000 - 0x00007ffb1226a000 	C:\WINDOWS\System32\bcryptPrimitives.dll
0x00007ffb0be10000 - 0x00007ffb0be1a000 	C:\WINDOWS\SYSTEM32\VERSION.dll
0x00007ffb13a60000 - 0x00007ffb13a8d000 	C:\WINDOWS\System32\IMM32.DLL
0x00007ffafde70000 - 0x00007ffafdf1a000 	C:\Program Files\Java\jdk-12.0.1\bin\msvcp140.dll
0x00007ffad74f0000 - 0x00007ffad8064000 	C:\Program Files\Java\jdk-12.0.1\bin\server\jvm.dll
0x00007ffb13160000 - 0x00007ffb13168000 	C:\WINDOWS\System32\PSAPI.DLL
0x00007ffb00520000 - 0x00007ffb00529000 	C:\WINDOWS\SYSTEM32\WSOCK32.dll
0x00007ffb137f0000 - 0x00007ffb1385c000 	C:\WINDOWS\System32\WS2_32.dll
0x00007ffb07ca0000 - 0x00007ffb07cc3000 	C:\WINDOWS\SYSTEM32\WINMM.dll
0x00007ffb07c70000 - 0x00007ffb07c9a000 	C:\WINDOWS\SYSTEM32\WINMMBASE.dll
0x00007ffb11cb0000 - 0x00007ffb11cf9000 	C:\WINDOWS\System32\cfgmgr32.dll
0x00007ffb11c40000 - 0x00007ffb11c51000 	C:\WINDOWS\System32\kernel.appcore.dll
0x00007ffb0bfd0000 - 0x00007ffb0bfe1000 	C:\Program Files\Java\jdk-12.0.1\bin\verify.dll
0x00007ffb0f530000 - 0x00007ffb0f6f9000 	C:\WINDOWS\SYSTEM32\DBGHELP.DLL
0x00007ffb0b120000 - 0x00007ffb0b149000 	C:\WINDOWS\SYSTEM32\dbgcore.DLL
0x00007ffb0bf60000 - 0x00007ffb0bf86000 	C:\Program Files\Java\jdk-12.0.1\bin\java.dll
0x00007ffb0ec30000 - 0x00007ffb0ec3e000 	C:\Program Files\Java\jdk-12.0.1\bin\instrument.dll
0x00007ffb0bf40000 - 0x00007ffb0bf57000 	C:\Program Files\Java\jdk-12.0.1\bin\zip.dll
0x00007ffb0bfc0000 - 0x00007ffb0bfca000 	C:\Program Files\Java\jdk-12.0.1\bin\jimage.dll
0x00007ffb13a90000 - 0x00007ffb14ed0000 	C:\WINDOWS\System32\SHELL32.dll
0x00007ffb15800000 - 0x00007ffb158a9000 	C:\WINDOWS\System32\shcore.dll
0x00007ffb12510000 - 0x00007ffb12c1d000 	C:\WINDOWS\System32\windows.storage.dll
0x00007ffb15150000 - 0x00007ffb151a1000 	C:\WINDOWS\System32\shlwapi.dll
0x00007ffb11c20000 - 0x00007ffb11c3f000 	C:\WINDOWS\System32\profapi.dll
0x00007ffb11c60000 - 0x00007ffb11cac000 	C:\WINDOWS\System32\powrprof.dll
0x00007ffb11bf0000 - 0x00007ffb11bfa000 	C:\WINDOWS\System32\FLTLIB.DLL
0x00007ffb0bf20000 - 0x00007ffb0bf39000 	C:\Program Files\Java\jdk-12.0.1\bin\net.dll
0x00007ffb023d0000 - 0x00007ffb024ad000 	C:\WINDOWS\SYSTEM32\WINHTTP.dll
0x00007ffb01a70000 - 0x00007ffb01c39000 	C:\WINDOWS\SYSTEM32\urlmon.dll
0x00007ffb025a0000 - 0x00007ffb02846000 	C:\WINDOWS\SYSTEM32\iertutil.dll
0x00007ffb11640000 - 0x00007ffb1164b000 	C:\WINDOWS\SYSTEM32\CRYPTBASE.DLL
0x00007ffb11470000 - 0x00007ffb114d6000 	C:\WINDOWS\system32\mswsock.dll
0x00007ffb09d10000 - 0x00007ffb09d23000 	C:\Program Files\Java\jdk-12.0.1\bin\nio.dll
0x00007ffb03fa0000 - 0x00007ffb03fba000 	C:\Program Files\JetBrains\IntelliJ IDEA Community Edition 2019.1.2\bin\breakgen64.dll
0x00007ffb03260000 - 0x00007ffb032b7000 	C:\Users\sophi\AppData\Local\Temp\lwjglSophia\3.1.2-build-29\lwjgl.dll
0x00007ffaeb750000 - 0x00007ffaeb78d000 	C:\Users\sophi\AppData\Local\Temp\lwjglSophia\3.1.2-build-29\glfw.dll
0x00007ffb0f310000 - 0x00007ffb0f3a8000 	C:\WINDOWS\system32\uxtheme.dll
0x00007ffaeb700000 - 0x00007ffaeb743000 	C:\WINDOWS\SYSTEM32\dinput8.dll
0x00007ffb07d10000 - 0x00007ffb07d20000 	C:\WINDOWS\SYSTEM32\xinput1_4.dll
0x00007ffb11a00000 - 0x00007ffb11a27000 	C:\WINDOWS\SYSTEM32\DEVOBJ.dll
0x00007ffb10380000 - 0x00007ffb103a9000 	C:\WINDOWS\SYSTEM32\dwmapi.dll
0x00007ffb05840000 - 0x00007ffb058b9000 	C:\WINDOWS\SYSTEM32\inputhost.dll
0x00007ffb0efe0000 - 0x00007ffb0f0ba000 	C:\WINDOWS\SYSTEM32\CoreMessaging.dll
0x00007ffb0d3f0000 - 0x00007ffb0d53d000 	C:\WINDOWS\SYSTEM32\wintypes.dll
0x00007ffb074b0000 - 0x00007ffb077ce000 	C:\WINDOWS\SYSTEM32\CoreUIComponents.dll
0x00007ffb10cf0000 - 0x00007ffb10d21000 	C:\WINDOWS\SYSTEM32\ntmarta.dll
0x00007ffb14fd0000 - 0x00007ffb15143000 	C:\WINDOWS\System32\MSCTF.dll
0x00007ffb13170000 - 0x00007ffb13232000 	C:\WINDOWS\System32\OLEAUT32.dll
0x00007ffb10910000 - 0x00007ffb1091c000 	C:\WINDOWS\SYSTEM32\HID.DLL
0x00007ffb153b0000 - 0x00007ffb157fb000 	C:\WINDOWS\System32\SETUPAPI.DLL
0x00007ffb11d20000 - 0x00007ffb11d77000 	C:\WINDOWS\System32\WINTRUST.dll
0x00007ffb11c00000 - 0x00007ffb11c12000 	C:\WINDOWS\System32\MSASN1.dll
0x00007ffb12000000 - 0x00007ffb121e2000 	C:\WINDOWS\System32\CRYPT32.dll
0x00007ffaeb600000 - 0x00007ffaeb63c000 	C:\Users\sophi\AppData\Local\Temp\lwjglSophia\3.1.2-build-29\jemalloc.dll
0x00007ffb03bf0000 - 0x00007ffb03d10000 	C:\WINDOWS\SYSTEM32\opengl32.dll
0x00007ffb0a2c0000 - 0x00007ffb0a2ec000 	C:\WINDOWS\SYSTEM32\GLU32.dll
0x00007ffab8710000 - 0x00007ffab95bb000 	C:\WINDOWS\System32\DriverStore\FileRepository\igdlh64.inf_amd64_555cfc07a674ecdd\ig9icd64.dll
0x00007ffb109c0000 - 0x00007ffb10a7b000 	C:\WINDOWS\system32\dxgi.dll
0x00007ffae75c0000 - 0x00007ffae76a3000 	C:\WINDOWS\System32\DriverStore\FileRepository\igdlh64.inf_amd64_555cfc07a674ecdd\igdgmm64.dll
0x00007ffad8070000 - 0x00007ffad9fec000 	C:\WINDOWS\System32\DriverStore\FileRepository\igdlh64.inf_amd64_555cfc07a674ecdd\igc64.dll
0x00007ffb058c0000 - 0x00007ffb05956000 	C:\WINDOWS\System32\TextInputFramework.dll
0x00007ffae9aa0000 - 0x00007ffae9afc000 	C:\Users\sophi\AppData\Local\Temp\lwjglSophia\3.1.2-build-29\lwjgl_opengl.dll
0x00007ffae6560000 - 0x00007ffae65d7000 	C:\Users\sophi\AppData\Local\Temp\lwjglSophia\3.1.2-build-29\lwjgl_stb.dll

dbghelp: loaded successfully - version: 4.0.5 - missing functions: none
symbol engine: initialized successfully - sym options: 0x614 - pdb path: .;C:\Program Files\Java\jdk-12.0.1\bin;C:\WINDOWS\SYSTEM32;C:\Program Files\AVAST Software\Avast;C:\WINDOWS\WinSxS\amd64_microsoft.windows.common-controls_6595b64144ccf1df_6.0.17134.829_none_fb46a5473061b9d5;C:\Program Files\Java\jdk-12.0.1\bin\server;C:\Program Files\JetBrains\IntelliJ IDEA Community Edition 2019.1.2\bin;C:\Users\sophi\AppData\Local\Temp\lwjglSophia\3.1.2-build-29;C:\WINDOWS\System32\DriverStore\FileRepository\igdlh64.inf_amd64_555cfc07a674ecdd

VM Arguments:
jvm_args: -javaagent:C:\Program Files\JetBrains\IntelliJ IDEA Community Edition 2019.1.2\lib\idea_rt.jar=59556:C:\Program Files\JetBrains\IntelliJ IDEA Community Edition 2019.1.2\bin -Dfile.encoding=UTF-8 
java_command: CGA.User.main
java_class_path (initial): C:\Users\sophi\Documents\Uni\CGA\NewCGA19_Framework\CGA19_Framework\out\production\CGA19_Framework;C:\Users\sophi\Documents\Uni\CGA\NewCGA19_Framework\CGA19_Framework\libs\lwjgl-release-3.1.2-custom\lwjgl-bgfx-natives-windows.jar;C:\Users\sophi\Documents\Uni\CGA\NewCGA19_Framework\CGA19_Framework\libs\lwjgl-release-3.1.2-custom\lwjgl.jar;C:\Users\sophi\Documents\Uni\CGA\NewCGA19_Framework\CGA19_Framework\libs\lwjgl-release-3.1.2-custom\lwjgl-vulkan-javadoc.jar;C:\Users\sophi\Documents\Uni\CGA\NewCGA19_Framework\CGA19_Framework\libs\lwjgl-release-3.1.2-custom\lwjgl-nanovg-natives-windows.jar;C:\Users\sophi\Documents\Uni\CGA\NewCGA19_Framework\CGA19_Framework\libs\lwjgl-release-3.1.2-custom\lwjgl-nanovg-natives-linux.jar;C:\Users\sophi\Documents\Uni\CGA\NewCGA19_Framework\CGA19_Framework\libs\lwjgl-release-3.1.2-custom\lwjgl-nuklear-javadoc.jar;C:\Users\sophi\Documents\Uni\CGA\NewCGA19_Framework\CGA19_Framework\libs\lwjgl-release-3.1.2-custom\lwjgl-par-natives-windows.jar;C:\Users\sophi\Documents\Uni\CGA\NewCGA19_Framework\CGA19_Framework\libs\lwjgl-release-3.1.2-custom\lwjgl-jemalloc-javadoc.jar;C:\Users\sophi\Documents\Uni\CGA\NewCGA19_Framework\CGA19_Framework\libs\lwjgl-release-3.1.2-custom\lwjgl-opencl-javadoc.jar;C:\Users\sophi\Documents\Uni\CGA\NewCGA19_Framework\CGA19_Framework\libs\lwjgl-release-3.1.2-custom\lwjgl-tinyexr.jar;C:\Users\sophi\Documents\Uni\CGA\NewCGA19_Framework\CGA19_Framework\libs\lwjgl-release-3.1.2-custom\lwjgl-assimp-natives-linux.jar;C:\Users\sophi\Documents\Uni\CGA\NewCGA19_Framework\CGA19_Framework\libs\lwjgl-release-3.1.2-custom\lwjgl-tinyfd-sources.jar;C:\Users\sophi\Documents\Uni\CGA\NewCGA19_Framework\CGA19_Framework\libs\lwjgl-release-3.1.2-custom\lwjgl-vulkan.jar;C:\Users\sophi\Documents\Uni\CGA\NewCGA19_Framework\CGA19_Framework\libs\lwjgl-release-3.1.2-custom\lwjgl-sse-javadoc.jar;C:\Users\sophi\Documents\Uni\CGA\NewCGA19_Framework\CGA19_Framework\libs\lwjgl-release-3.1.2-custom\lwjgl-ovr-natives-win
Launcher Type: SUN_STANDARD

[Global flags]
     intx CICompilerCount                          = 3                                         {product} {ergonomic}
     uint ConcGCThreads                            = 1                                         {product} {ergonomic}
     uint G1ConcRefinementThreads                  = 4                                         {product} {ergonomic}
   size_t G1HeapRegionSize                         = 1048576                                   {product} {ergonomic}
    uintx GCDrainStackTargetSize                   = 64                                        {product} {ergonomic}
   size_t InitialHeapSize                          = 268435456                                 {product} {ergonomic}
   size_t MarkStackSize                            = 4194304                                   {product} {ergonomic}
   size_t MaxHeapSize                              = 4269801472                                {product} {ergonomic}
   size_t MaxNewSize                               = 2561671168                                {product} {ergonomic}
   size_t MinHeapDeltaBytes                        = 1048576                                   {product} {ergonomic}
    uintx NonNMethodCodeHeapSize                   = 5830732                                {pd product} {ergonomic}
    uintx NonProfiledCodeHeapSize                  = 122913754                              {pd product} {ergonomic}
    uintx ProfiledCodeHeapSize                     = 122913754                              {pd product} {ergonomic}
    uintx ReservedCodeCacheSize                    = 251658240                              {pd product} {ergonomic}
     bool SegmentedCodeCache                       = true                                      {product} {ergonomic}
     bool UseCompressedClassPointers               = true                                 {lp64_product} {ergonomic}
     bool UseCompressedOops                        = true                                 {lp64_product} {ergonomic}
     bool UseG1GC                                  = true                                      {product} {ergonomic}
     bool UseLargePagesIndividualAllocation        = false                                  {pd product} {ergonomic}

Logging:
Log output configuration:
 #0: stdout all=warning uptime,level,tags
 #1: stderr all=off uptime,level,tags

Environment Variables:
PATH=C:\Program Files (x86)\Common Files\Oracle\Java\javapath;C:\Program Files (x86)\Common Files\Intel\Shared Libraries\redist\intel64\compiler;C:\ProgramData\Oracle\Java\javapath;C:\Program Files (x86)\Intel\iCLS Client\;C:\Program Files\Intel\iCLS Client\;C:\Windows\system32;C:\Windows;C:\Windows\System32\Wbem;C:\Windows\System32\WindowsPowerShell\v1.0\;C:\Program Files (x86)\Intel\Intel(R) Management Engine Components\DAL;C:\Program Files\Intel\Intel(R) Management Engine Components\DAL;C:\Program Files (x86)\Intel\Intel(R) Management Engine Components\IPT;C:\Program Files\Intel\Intel(R) Management Engine Components\IPT;C:\Program Files (x86)\NVIDIA Corporation\PhysX\Common;C:\Program Files\PuTTY\;C:\WINDOWS\system32;C:\WINDOWS;C:\WINDOWS\System32\Wbem;C:\WINDOWS\System32\WindowsPowerShell\v1.0\;C:\WINDOWS\System32\OpenSSH\;C:\Program Files\nodejs\;C:\Program Files\Git\cmd;C:\Users\sophi\AppData\Local\Microsoft\WindowsApps;C:\Users\sophi\AppData\Roaming\npm;C:\Users\sophi\AppData\Local\Programs\Microsoft VS Code\bin;C:\Program Files\JetBrains\IntelliJ IDEA Community Edition 2019.1.2\bin;
USERNAME=Sophia
OS=Windows_NT
PROCESSOR_IDENTIFIER=Intel64 Family 6 Model 142 Stepping 9, GenuineIntel



---------------  S Y S T E M  ---------------

OS: Windows 10 , 64 bit Build 17134 (10.0.17134.753)

CPU:total 4 (initial active 4) (2 cores per cpu, 2 threads per core) family 6 model 142 stepping 9, cmov, cx8, fxsr, mmx, sse, sse2, sse3, ssse3, sse4.1, sse4.2, popcnt, avx, avx2, aes, clmul, erms, 3dnowpref, lzcnt, ht, tsc, tscinvbit, bmi1, bmi2, adx, fma

Memory: 4k page, system-wide physical 16286M (10102M free)
TotalPageFile size 18718M (AvailPageFile size 11238M)
current process WorkingSet (physical memory assigned to process): 152M, peak: 153M
current process commit charge ("private bytes"): 380M, peak: 382M

vm_info: Java HotSpot(TM) 64-Bit Server VM (12.0.1+12) for windows-amd64 JRE (12.0.1+12), built on Apr  2 2019 14:02:19 by "mach5one" with MS VC++ 15.5 (VS2017)

END.
